<?xml version="1.0" encoding="UTF-8"?>
<!-- Generated by org.testng.reporters.JUnitReportReporter -->
<testsuite hostname="STPL-PP-67" name="Java.TestNG" tests="5" failures="0" timestamp="26 Jun 2018 03:58:35 GMT" time="0.010" errors="0">
  <testcase name="TestCase1" time="0.010" classname="Java.TestNG"/>
  <testcase name="TestCase2" time="0.000" classname="Java.TestNG"/>
  <testcase name="TestCase5" time="0.000" classname="Java.TestNG"/>
  <testcase name="TestCase4" time="0.000" classname="Java.TestNG"/>
  <testcase name="TestCase3" time="0.000" classname="Java.TestNG"/>
</testsuite> <!-- Java.TestNG -->
